7222.25 ms ; 2 
7268.26 ms ; 2 
7329.53 ms ; 2 
7277.62 ms ; 2 
879.34 ms ; 2 
7314.77 ms ; 2 
7302.76 ms ; 2 
7274.81 ms ; 2 
7286.18 ms ; 2 
1993.44 ms ; 4 
1815.44 ms ; 4 
2179.65 ms ; 4 
1958.68 ms ; 4 
2094.09 ms ; 4 
2149.56 ms ; 4 
672.65 ms ; 2 
7416.93 ms ; 2 
668.84 ms ; 2 
531.80 ms ; 2 
1.07 ms ; 2 
1.11 ms ; 2 
1.09 ms ; 2 
1.13 ms ; 2 
1.07 ms ; 2 
1.09 ms ; 2 
0.33 ms ; 2 
0.33 ms ; 2 
0.33 ms ; 2 
0.33 ms ; 2 
0.17 ms ; 2 
0.33 ms ; 2 
0.32 ms ; 2 
0.33 ms ; 2 
0.33 ms ; 2 
0.42 ms ; 2 
0.33 ms ; 2 
0.35 ms ; 2 
0.33 ms ; 2 
0.33 ms ; 2 
0.39 ms ; 2 
620.24 ms ; 2 
744.48 ms ; 2 
564.57 ms ; 2 
574.43 ms ; 2 
8037.33 ms ; 2 
780.02 ms ; 2 
7459.06 ms ; 2 
601.30 ms ; 2 
483.88 ms ; 2 
523.82 ms ; 2 
7490.54 ms ; 2 
636.56 ms ; 2 
610.65 ms ; 2 
453.18 ms ; 2 
568.41 ms ; 2 
530.56 ms ; 2 
7517.28 ms ; 2 
7522.49 ms ; 2 
