9468.01 ms ; 2 
9082.79 ms ; 2 
10660.17 ms ; 2 
9797.71 ms ; 2 
9163.97 ms ; 2 
8918.34 ms ; 2 
8796.72 ms ; 2 
9067.13 ms ; 2 
8866.32 ms ; 2 
9610.92 ms ; 2 
4124.89 ms ; 4 
4408.00 ms ; 4 
4265.33 ms ; 4 
4468.22 ms ; 4 
4222.44 ms ; 4 
4649.68 ms ; 4 
4101.45 ms ; 4 
4460.42 ms ; 4 
4559.82 ms ; 4 
4462.21 ms ; 4 
3076.86 ms ; 6 
3183.16 ms ; 6 
2722.13 ms ; 6 
2869.07 ms ; 6 
2822.46 ms ; 6 
2761.27 ms ; 6 
2736.43 ms ; 6 
2825.13 ms ; 6 
2834.97 ms ; 6 
2746.43 ms ; 6 
2061.32 ms ; 8 
1606.67 ms ; 10 
1362.90 ms ; 12 
829.36 ms ; 20 
801.14 ms ; 21 
837.82 ms ; 20 
782.13 ms ; 21 
815.39 ms ; 20 
947.62 ms ; 18 
1608.92 ms ; 10 
833.69 ms ; 20 
903.67 ms ; 18 
