8191.38 ms ; 2 
8326.76 ms ; 2 
651.92 ms ; 2 
8482.85 ms ; 2 
8204.63 ms ; 2 
497.04 ms ; 2 
8302.76 ms ; 2 
8409.08 ms ; 2 
8289.31 ms ; 2 
8854.23 ms ; 2 
1924.06 ms ; 4 
1979.19 ms ; 4 
2078.83 ms ; 4 
296.75 ms ; 4 
306.64 ms ; 4 
2147.88 ms ; 4 
2061.28 ms ; 4 
1996.01 ms ; 4 
2022.89 ms ; 4 
1970.57 ms ; 4 
989.82 ms ; 6 
837.20 ms ; 6 
945.42 ms ; 6 
942.65 ms ; 6 
931.83 ms ; 6 
193.14 ms ; 6 
936.84 ms ; 6 
278.09 ms ; 6 
266.47 ms ; 6 
240.02 ms ; 6 
559.30 ms ; 8 
183.03 ms ; 10 
462.24 ms ; 12 
104.42 ms ; 14 
204.06 ms ; 16 
161.04 ms ; 18 
135.24 ms ; 20 
160.84 ms ; 8 
413.23 ms ; 10 
327.63 ms ; 12 
233.71 ms ; 14 
176.73 ms ; 16 
155.30 ms ; 18 
109.18 ms ; 20 
194.51 ms ; 8 
397.02 ms ; 10 
295.90 ms ; 12 
189.63 ms ; 14 
185.73 ms ; 16 
124.88 ms ; 18 
121.26 ms ; 20 
280.12 ms ; 8 
412.40 ms ; 10 
100.17 ms ; 12 
231.99 ms ; 14 
171.21 ms ; 16 
135.05 ms ; 18 
56.13 ms ; 20 
207.68 ms ; 8 
406.58 ms ; 10 
295.40 ms ; 12 
241.46 ms ; 14 
195.67 ms ; 16 
157.49 ms ; 18 
127.95 ms ; 20 
466.90 ms ; 8 
302.93 ms ; 10 
218.56 ms ; 12 
155.70 ms ; 14 
117.50 ms ; 16 
100.94 ms ; 18 
80.03 ms ; 20 
12.85 ms ; 8 
5.88 ms ; 10 
5.63 ms ; 12 
152.19 ms ; 14 
129.32 ms ; 16 
93.46 ms ; 18 
75.47 ms ; 20 
11.98 ms ; 6 
